-------------------------------------------------------------------------------
Test set: dataFactory.TestCreateSimulations
-------------------------------------------------------------------------------
Tests run: 3, Failures: 3, Errors: 0, Skipped: 0, Time elapsed: 0.062 s <<< FAILURE! - in dataFactory.TestCreateSimulations
dataFactory.TestCreateSimulations.testPostRequest()  Time elapsed: 0.027 s  <<< FAILURE!
org.opentest4j.AssertionFailedError: expected: <201> but was: <404>
	at org.junit.jupiter.api.AssertionUtils.fail(AssertionUtils.java:55)
	at org.junit.jupiter.api.AssertionUtils.failNotEqual(AssertionUtils.java:62)
	at org.junit.jupiter.api.AssertEquals.assertEquals(AssertEquals.java:150)
	at org.junit.jupiter.api.AssertEquals.assertEquals(AssertEquals.java:145)
	at org.junit.jupiter.api.Assertions.assertEquals(Assertions.java:527)
	at dataFactory.TestCreateSimulations.testPostRequest(TestCreateSimulations.java:64)

dataFactory.TestCreateSimulations.testPostRequestInvalid()  Time elapsed: 0.019 s  <<< FAILURE!
org.opentest4j.AssertionFailedError: expected: <400> but was: <404>
	at org.junit.jupiter.api.AssertionUtils.fail(AssertionUtils.java:55)
	at org.junit.jupiter.api.AssertionUtils.failNotEqual(AssertionUtils.java:62)
	at org.junit.jupiter.api.AssertEquals.assertEquals(AssertEquals.java:150)
	at org.junit.jupiter.api.AssertEquals.assertEquals(AssertEquals.java:145)
	at org.junit.jupiter.api.Assertions.assertEquals(Assertions.java:527)
	at dataFactory.TestCreateSimulations.testPostRequestInvalid(TestCreateSimulations.java:91)

dataFactory.TestCreateSimulations.testPostRequestExist()  Time elapsed: 0.012 s  <<< FAILURE!
org.opentest4j.AssertionFailedError: expected: <400> but was: <404>
	at org.junit.jupiter.api.AssertionUtils.fail(AssertionUtils.java:55)
	at org.junit.jupiter.api.AssertionUtils.failNotEqual(AssertionUtils.java:62)
	at org.junit.jupiter.api.AssertEquals.assertEquals(AssertEquals.java:150)
	at org.junit.jupiter.api.AssertEquals.assertEquals(AssertEquals.java:145)
	at org.junit.jupiter.api.Assertions.assertEquals(Assertions.java:527)
	at dataFactory.TestCreateSimulations.testPostRequestExist(TestCreateSimulations.java:108)

