-------------------------------------------------------------------------------
Test set: dataFactory.TestConsultCpfInRestrict
-------------------------------------------------------------------------------
Tests run: 2, Failures: 2, Errors: 0, Skipped: 0, Time elapsed: 0.293 s <<< FAILURE! - in dataFactory.TestConsultCpfInRestrict
dataFactory.TestConsultCpfInRestrict.testGetCpfInNotProblemAssert()  Time elapsed: 0.054 s  <<< FAILURE!
org.opentest4j.AssertionFailedError: expected: <200> but was: <404>
	at org.junit.jupiter.api.AssertionUtils.fail(AssertionUtils.java:55)
	at org.junit.jupiter.api.AssertionUtils.failNotEqual(AssertionUtils.java:62)
	at org.junit.jupiter.api.AssertEquals.assertEquals(AssertEquals.java:150)
	at org.junit.jupiter.api.AssertEquals.assertEquals(AssertEquals.java:145)
	at org.junit.jupiter.api.Assertions.assertEquals(Assertions.java:527)
	at dataFactory.TestConsultCpfInRestrict.testGetCpfInNotProblemAssert(TestConsultCpfInRestrict.java:47)

dataFactory.TestConsultCpfInRestrict.testGetCpfInProblemAssert()  Time elapsed: 0.005 s  <<< FAILURE!
org.opentest4j.AssertionFailedError: expected: <200> but was: <404>
	at org.junit.jupiter.api.AssertionUtils.fail(AssertionUtils.java:55)
	at org.junit.jupiter.api.AssertionUtils.failNotEqual(AssertionUtils.java:62)
	at org.junit.jupiter.api.AssertEquals.assertEquals(AssertEquals.java:150)
	at org.junit.jupiter.api.AssertEquals.assertEquals(AssertEquals.java:145)
	at org.junit.jupiter.api.Assertions.assertEquals(Assertions.java:527)
	at dataFactory.TestConsultCpfInRestrict.testGetCpfInProblemAssert(TestConsultCpfInRestrict.java:32)

