-------------------------------------------------------------------------------
Test set: dataFactory.TestConsultSimulations
-------------------------------------------------------------------------------
Tests run: 4, Failures: 3, Errors: 0, Skipped: 0, Time elapsed: 0.218 s <<< FAILURE! - in dataFactory.TestConsultSimulations
dataFactory.TestConsultSimulations.testGetRequestWithQueryParam()  Time elapsed: 0.011 s  <<< FAILURE!
org.opentest4j.AssertionFailedError: expected: <200> but was: <404>
	at org.junit.jupiter.api.AssertionUtils.fail(AssertionUtils.java:55)
	at org.junit.jupiter.api.AssertionUtils.failNotEqual(AssertionUtils.java:62)
	at org.junit.jupiter.api.AssertEquals.assertEquals(AssertEquals.java:150)
	at org.junit.jupiter.api.AssertEquals.assertEquals(AssertEquals.java:145)
	at org.junit.jupiter.api.Assertions.assertEquals(Assertions.java:527)
	at dataFactory.TestConsultSimulations.testGetRequestWithQueryParam(TestConsultSimulations.java:63)

dataFactory.TestConsultSimulations.testGetCpfNotExist()  Time elapsed: 0.022 s  <<< FAILURE!
org.opentest4j.AssertionFailedError: expected: <CPF 22222222222 não encontrado> but was: <null>
	at org.junit.jupiter.api.AssertionUtils.fail(AssertionUtils.java:55)
	at org.junit.jupiter.api.AssertionUtils.failNotEqual(AssertionUtils.java:62)
	at org.junit.jupiter.api.AssertEquals.assertEquals(AssertEquals.java:182)
	at org.junit.jupiter.api.AssertEquals.assertEquals(AssertEquals.java:177)
	at org.junit.jupiter.api.Assertions.assertEquals(Assertions.java:1141)
	at dataFactory.TestConsultSimulations.testGetCpfNotExist(TestConsultSimulations.java:79)

dataFactory.TestConsultSimulations.testGetRequestsAll()  Time elapsed: 0.007 s  <<< FAILURE!
org.opentest4j.AssertionFailedError: expected: <200> but was: <404>
	at org.junit.jupiter.api.AssertionUtils.fail(AssertionUtils.java:55)
	at org.junit.jupiter.api.AssertionUtils.failNotEqual(AssertionUtils.java:62)
	at org.junit.jupiter.api.AssertEquals.assertEquals(AssertEquals.java:150)
	at org.junit.jupiter.api.AssertEquals.assertEquals(AssertEquals.java:145)
	at org.junit.jupiter.api.Assertions.assertEquals(Assertions.java:527)
	at dataFactory.TestConsultSimulations.testGetRequestsAll(TestConsultSimulations.java:31)

